{"name": "test_closeCancelPopup", "status": "failed", "statusDetails": {"message": "AssertionError", "trace": "self = <ValueSetEditDetail_test.ValueSetTests testMethod=test_closeCancelPopup>\n\n    @allure.testcase(\"close cancel popup\")\n    @pytest.mark.flaky(reruns=2, reruns_delay=5)\n    @allure.severity(allure.severity_level.CRITICAL)\n    def test_closeCancelPopup(self):\n        self.lp.login(user_data['username'], user_data['password'])\n        result = self.lp.verifyLoginSuccessful()\n        self.ts.mark(result, \"Login Sucessful\")\n        self.dsp.clickValueSetLink()\n        time.sleep(15)\n        self.vs.enterValueSetName(value_set['valuesetname'])\n        time.sleep(2)\n        self.vs.clickSearchedValueSet()\n        time.sleep(2)\n        name = self.vs.getValueSetName()\n>       self.ts.markFinal(\"test_closeCancelPopup\", result, \"Valueset Name has been Verified\")\n\nValueSetEditDetail_test.py:250: \n_ _ _ _ _ _ _ _ _ _ _ _ _ _ _ _ _ _ _ _ _ _ _ _ _ _ _ _ _ _ _ _ _ _ _ _ _ _ _ _ \n\nself = <utilities.teststatus.TestStatus object at 0x10aafbe48>\ntestName = 'test_closeCancelPopup', result = False\nresultMessage = 'Valueset Name has been Verified'\n\n    def markFinal(self, testName, result, resultMessage):\n        \"\"\"\n        Mark the final result of the verification point in a test case\n        This needs to be called at least once in a test case\n        This should be final test status of the test case\n        \"\"\"\n        self.setResult(result, resultMessage)\n    \n        if \"FAIL\" in self.resultList:\n            self.log.error(testName +  \" ### TEST FAILED\")\n            self.resultList.clear()\n>           assert True == False\nE           AssertionError\n\n../../utilities/teststatus.py:63: AssertionError"}, "attachments": [{"name": "log", "source": "e7624ac2-cebd-4eed-af25-2649ea3a285c-attachment.txt", "type": "text/plain"}, {"name": "stdout", "source": "b010e8d7-c40e-4b1f-b5bc-7b391b6bbe30-attachment.txt", "type": "text/plain"}, {"name": "stderr", "source": "9a13bb4b-b80b-4940-8005-b876a14faac8-attachment.txt", "type": "text/plain"}], "start": 1596557291609, "stop": 1596557337345, "uuid": "29ca4cbb-07f0-4858-9172-9d02ab1519ca", "historyId": "70639be3cb0c3b647a2627ddcf7d8710", "testCaseId": "ff0e8156077858c07f4b285025f335d1", "fullName": "ValueSetEditDetail_test.ValueSetTests#test_closeCancelPopup", "labels": [{"name": "severity", "value": "critical"}, {"name": "tag", "value": "flaky(reruns=2, reruns_delay=5)"}, {"name": "tag", "value": "@pytest.mark.usefixtures('oneTimeSetUp', 'setUp')"}, {"name": "suite", "value": "ValueSetEditDetail_test"}, {"name": "subSuite", "value": "ValueSetTests"}, {"name": "host", "value": "RRD023829463.tenethealth.net"}, {"name": "thread", "value": "5687-MainThread"}, {"name": "framework", "value": "pytest"}, {"name": "language", "value": "cpython3"}, {"name": "package", "value": "ValueSetEditDetail_test"}], "links": [{"type": "test_case", "url": "close cancel popup", "name": "close cancel popup"}]}