{"name": "test_clickSearchedValueSet", "status": "failed", "statusDetails": {"message": "AssertionError", "trace": "self = <ValueSetEditDetail_test.ValueSetTests testMethod=test_clickSearchedValueSet>\n\n    @allure.testcase(\"Search Valueset\")\n    @pytest.mark.flaky(reruns=2, reruns_delay=5)\n    @allure.severity(allure.severity_level.CRITICAL)\n    def test_clickSearchedValueSet(self):\n        self.lp.login(user_data['username'], user_data['password'])\n        result = self.lp.verifyLoginSuccessful()\n>       self.ts.markFinal(\"test_validLogin\", result, \"Login was successful\")\n\nValueSetEditDetail_test.py:32: \n_ _ _ _ _ _ _ _ _ _ _ _ _ _ _ _ _ _ _ _ _ _ _ _ _ _ _ _ _ _ _ _ _ _ _ _ _ _ _ _ \n\nself = <utilities.teststatus.TestStatus object at 0x1038f5470>\ntestName = 'test_validLogin', result = False\nresultMessage = 'Login was successful'\n\n    def markFinal(self, testName, result, resultMessage):\n        \"\"\"\n        Mark the final result of the verification point in a test case\n        This needs to be called at least once in a test case\n        This should be final test status of the test case\n        \"\"\"\n        self.setResult(result, resultMessage)\n    \n        if \"FAIL\" in self.resultList:\n            self.log.error(testName +  \" ### TEST FAILED\")\n            self.resultList.clear()\n>           assert True == False\nE           AssertionError\n\n../../utilities/teststatus.py:63: AssertionError"}, "attachments": [{"name": "log", "source": "b22909d9-3850-4b06-a613-919d41e95796-attachment.txt", "type": "text/plain"}, {"name": "stdout", "source": "0d30ef72-98e7-46d4-b5e2-dadb486324b3-attachment.txt", "type": "text/plain"}, {"name": "stderr", "source": "7b1610a4-98fa-432c-8ace-a82612ba4a46-attachment.txt", "type": "text/plain"}], "start": 1596557304168, "stop": 1596557329050, "uuid": "77f12a21-56b8-4aee-9c81-59c1d7ec7778", "historyId": "e1c3a97001343cf008134509a986f66d", "testCaseId": "157cb1d0ca9da314af9409ff2b9a6eda", "fullName": "ValueSetEditDetail_test.ValueSetTests#test_clickSearchedValueSet", "labels": [{"name": "severity", "value": "critical"}, {"name": "tag", "value": "@pytest.mark.usefixtures('oneTimeSetUp', 'setUp')"}, {"name": "tag", "value": "flaky(reruns=2, reruns_delay=5)"}, {"name": "suite", "value": "ValueSetEditDetail_test"}, {"name": "subSuite", "value": "ValueSetTests"}, {"name": "host", "value": "RRD023829463.tenethealth.net"}, {"name": "thread", "value": "5717-MainThread"}, {"name": "framework", "value": "pytest"}, {"name": "language", "value": "cpython3"}, {"name": "package", "value": "ValueSetEditDetail_test"}], "links": [{"type": "test_case", "url": "Search Valueset", "name": "Search Valueset"}]}