{"name": "test_saveChanges", "status": "failed", "statusDetails": {"message": "AssertionError", "trace": "self = <ValueSetEditDetail_test.ValueSetTests testMethod=test_saveChanges>\n\n    @allure.testcase(\"Save Changes\")\n    @pytest.mark.flaky(reruns=2, reruns_delay=5)\n    @allure.severity(allure.severity_level.CRITICAL)\n    def test_saveChanges(self):\n        self.lp.login(user_data['username'], user_data['password'])\n        result = self.lp.verifyLoginSuccessful()\n        self.ts.mark(result, \"Login Sucessful\")\n        self.dsp.clickValueSetLink()\n        time.sleep(15)\n        self.vs.enterValueSetName(value_set['valuesetname'])\n        time.sleep(2)\n        self.vs.clickSearchedValueSet()\n        time.sleep(2)\n        name = self.vs.getValueSetName()\n>       self.ts.markFinal(\"test_saveChanges\", result, \"Valueset Name has been Verified\")\n\nValueSetEditDetail_test.py:160: \n_ _ _ _ _ _ _ _ _ _ _ _ _ _ _ _ _ _ _ _ _ _ _ _ _ _ _ _ _ _ _ _ _ _ _ _ _ _ _ _ \n\nself = <utilities.teststatus.TestStatus object at 0x10dcb98d0>\ntestName = 'test_saveChanges', result = False\nresultMessage = 'Valueset Name has been Verified'\n\n    def markFinal(self, testName, result, resultMessage):\n        \"\"\"\n        Mark the final result of the verification point in a test case\n        This needs to be called at least once in a test case\n        This should be final test status of the test case\n        \"\"\"\n        self.setResult(result, resultMessage)\n    \n        if \"FAIL\" in self.resultList:\n            self.log.error(testName +  \" ### TEST FAILED\")\n            self.resultList.clear()\n>           assert True == False\nE           AssertionError\n\n../../utilities/teststatus.py:63: AssertionError"}, "attachments": [{"name": "log", "source": "5fae6d52-d3d6-4ae7-a1f5-2eb83bd8205d-attachment.txt", "type": "text/plain"}, {"name": "stdout", "source": "1095675a-e2da-48af-86b7-93d1d153daa8-attachment.txt", "type": "text/plain"}, {"name": "stderr", "source": "2bfb152e-dc1e-4d82-b888-ad9c55a389b4-attachment.txt", "type": "text/plain"}], "start": 1596557313688, "stop": 1596557359292, "uuid": "b11af19a-9bb3-46a9-bc2a-2d98da884837", "historyId": "4b3006e91fedfdd6b75f0d45d84cbb1d", "testCaseId": "3e3095df884ce920a9acfad1c3cb07ab", "fullName": "ValueSetEditDetail_test.ValueSetTests#test_saveChanges", "labels": [{"name": "severity", "value": "critical"}, {"name": "tag", "value": "flaky(reruns=2, reruns_delay=5)"}, {"name": "tag", "value": "@pytest.mark.usefixtures('oneTimeSetUp', 'setUp')"}, {"name": "suite", "value": "ValueSetEditDetail_test"}, {"name": "subSuite", "value": "ValueSetTests"}, {"name": "host", "value": "RRD023829463.tenethealth.net"}, {"name": "thread", "value": "5762-MainThread"}, {"name": "framework", "value": "pytest"}, {"name": "language", "value": "cpython3"}, {"name": "package", "value": "ValueSetEditDetail_test"}], "links": [{"type": "test_case", "url": "Save Changes", "name": "Save Changes"}]}