{"name": "test_closeDeletePopup", "status": "failed", "statusDetails": {"message": "AssertionError", "trace": "self = <Tests.MeasureTest.delete_measureDetail_test.SMCTests testMethod=test_closeDeletePopup>\n\n    @allure.testcase(\"Close delete Measure Popup\")\n    @pytest.mark.flaky(reruns=1, reruns_delay=5)\n    @allure.severity(allure.severity_level.CRITICAL)\n    def test_closeDeletePopup(self):\n        self.lp.login(user_data['username'], user_data['password'])\n        result = self.lp.verifyLoginSuccessful()\n>       self.ts.markFinal(\"test_validLogin\", result, \"Login was successful\")\n\nMeasureTest/delete_measureDetail_test.py:65: \n_ _ _ _ _ _ _ _ _ _ _ _ _ _ _ _ _ _ _ _ _ _ _ _ _ _ _ _ _ _ _ _ _ _ _ _ _ _ _ _ \n\nself = <Utils.teststatus.TestStatus object at 0x1173586d8>\ntestName = 'test_validLogin', result = False\nresultMessage = 'Login was successful'\n\n    def markFinal(self, testName, result, resultMessage):\n        \"\"\"\n        Mark the final result of the verification point in a test case\n        This needs to be called at least once in a test case\n        This should be final test status of the test case\n        \"\"\"\n        self.setResult(result, resultMessage)\n    \n        if \"FAIL\" in self.resultList:\n            self.log.error(testName +  \" ### TEST FAILED\")\n            self.resultList.clear()\n>           assert True == False\nE           AssertionError\n\n../Utils/teststatus.py:63: AssertionError"}, "attachments": [{"name": "log", "source": "ebaa8d67-7346-4395-8c7d-0ea9ddd366a7-attachment.txt", "type": "text/plain"}], "start": 1597146873721, "stop": 1597146906290, "uuid": "e95961f3-0ad2-43a9-a50c-636d44465d91", "historyId": "ddab8c8222e9b9aa834b289034328258", "testCaseId": "9bac043edc7036811c00604fe51efc06", "fullName": "MeasureTest.delete_measureDetail_test.SMCTests#test_closeDeletePopup", "labels": [{"name": "severity", "value": "critical"}, {"name": "tag", "value": "@pytest.mark.usefixtures('oneTimeSetUp', 'setUp')"}, {"name": "tag", "value": "flaky(reruns=1, reruns_delay=5)"}, {"name": "parentSuite", "value": "MeasureTest"}, {"name": "suite", "value": "delete_measureDetail_test"}, {"name": "subSuite", "value": "SMCTests"}, {"name": "host", "value": "THO40157601L.tenethealth.net"}, {"name": "thread", "value": "16642-MainThread"}, {"name": "framework", "value": "pytest"}, {"name": "language", "value": "cpython3"}, {"name": "package", "value": "MeasureTest.delete_measureDetail_test"}], "links": [{"type": "test_case", "url": "Close delete Measure Popup", "name": "Close delete Measure Popup"}]}